<?xml version="1.0" encoding="UTF-8"?>
<testsuite xmlns:xsi="http://www.w3.org/2001/XMLSchema-instance" xsi:schemaLocation="https://maven.apache.org/surefire/maven-surefire-plugin/xsd/surefire-test-report.xsd" name="TestSuite" time="2.268" tests="16" errors="0" skipped="13" failures="3">
  <properties>
    <property name="java.runtime.name" value="Java(TM) SE Runtime Environment"/>
    <property name="sun.boot.library.path" value="C:\Program Files\Java\jdk1.8.0_231\jre\bin"/>
    <property name="java.vm.version" value="25.231-b11"/>
    <property name="user.country.format" value="RU"/>
    <property name="java.vm.vendor" value="Oracle Corporation"/>
    <property name="maven.multiModuleProjectDirectory" value="C:\Users\Kirill\Documents\AutoTests"/>
    <property name="java.vendor.url" value="http://java.oracle.com/"/>
    <property name="path.separator" value=";"/>
    <property name="guice.disable.misplaced.annotation.check" value="true"/>
    <property name="java.vm.name" value="Java HotSpot(TM) 64-Bit Server VM"/>
    <property name="file.encoding.pkg" value="sun.io"/>
    <property name="user.script" value=""/>
    <property name="user.country" value="US"/>
    <property name="sun.java.launcher" value="SUN_STANDARD"/>
    <property name="sun.os.patch.level" value=""/>
    <property name="java.vm.specification.name" value="Java Virtual Machine Specification"/>
    <property name="user.dir" value="C:\Users\Kirill\Documents\AutoTests"/>
    <property name="java.runtime.version" value="1.8.0_231-b11"/>
    <property name="java.awt.graphicsenv" value="sun.awt.Win32GraphicsEnvironment"/>
    <property name="java.endorsed.dirs" value="C:\Program Files\Java\jdk1.8.0_231\jre\lib\endorsed"/>
    <property name="os.arch" value="amd64"/>
    <property name="java.io.tmpdir" value="C:\Users\Kirill\AppData\Local\Temp\"/>
    <property name="line.separator" value="&#10;"/>
    <property name="java.vm.specification.vendor" value="Oracle Corporation"/>
    <property name="user.variant" value=""/>
    <property name="os.name" value="Windows 10"/>
    <property name="maven.ext.class.path" value="C:\Program Files\JetBrains\IntelliJ IDEA 2019.2.4\plugins\maven\lib\maven-event-listener.jar"/>
    <property name="classworlds.conf" value="C:\Program Files\JetBrains\IntelliJ IDEA 2019.2.4\plugins\maven\lib\maven3\bin\m2.conf"/>
    <property name="sun.jnu.encoding" value="Cp1252"/>
    <property name="java.library.path" value="C:\Program Files\Java\jdk1.8.0_231\bin;C:\Windows\Sun\Java\bin;C:\Windows\system32;C:\Windows;C:\Program Files (x86)\Common Files\Oracle\Java\javapath;C:\Program Files (x86)\Common Files\Intel\Shared Libraries\redist\intel64_win\compiler;C:\Windows\system32;C:\Windows;C:\Windows\System32\Wbem;C:\Windows\System32\WindowsPowerShell\v1.0\;C:\Windows\System32\OpenSSH\;C:\Program Files\NVIDIA Corporation\NVIDIA NvDLISR;C:\Program Files (x86)\NVIDIA Corporation\PhysX\Common;C:\Program Files\Git\cmd;C:\Program Files\Crucial\Crucial Storage Executive;C:\Program Files\dotnet\;C:\Program Files\Microsoft SQL Server\130\Tools\Binn\;C:\ProgramData\chocolatey\bin;C:\Program Files (x86)\Yarn\bin\;C:\Program Files\nodejs\;%M2_HOME@\bin;C:\Program Files (x86)\Common Files\Oracle\Java\javapath;C:\Program Files (x86)\Common Files\Intel\Shared Libraries\redist\intel64_win\compiler;C:\Windows\system32;C:\Windows;C:\Windows\System32\Wbem;C:\Windows\System32\WindowsPowerShell\v1.0\;C:\Windows\System32\OpenSSH\;C:\Program Files\NVIDIA Corporation\NVIDIA NvDLISR;C:\Program Files (x86)\NVIDIA Corporation\PhysX\Common;C:\Program Files\Git\cmd;C:\Program Files\Crucial\Crucial Storage Executive;C:\Program Files\dotnet\;C:\Program Files\Microsoft SQL Server\130\Tools\Binn\;C:\ProgramData\chocolatey\bin;C:\Program Files (x86)\Yarn\bin\;C:\Program Files\nodejs\;C:\Users\Kirill\AppData\Local\Programs\Python\Python37-32\Scripts\;C:\Users\Kirill\AppData\Local\Programs\Python\Python37-32\;C:\Users\Kirill\AppData\Local\Microsoft\WindowsApps;C:\Users\Kirill\AppData\Local\Yarn\bin;C:\Users\Kirill\AppData\Roaming\npm;C:\Users\Kirill\AppData\Roaming\npm\;C:\Users\Kirill\AppData\Local\atom\bin;C:\Program Files\Maven\bin;;."/>
    <property name="maven.conf" value="C:\Program Files\JetBrains\IntelliJ IDEA 2019.2.4\plugins\maven\lib\maven3/conf"/>
    <property name="java.specification.name" value="Java Platform API Specification"/>
    <property name="java.class.version" value="52.0"/>
    <property name="sun.management.compiler" value="HotSpot 64-Bit Tiered Compilers"/>
    <property name="os.version" value="10.0"/>
    <property name="user.home" value="C:\Users\Kirill"/>
    <property name="user.timezone" value="GMT+04:00"/>
    <property name="java.awt.printerjob" value="sun.awt.windows.WPrinterJob"/>
    <property name="java.specification.version" value="1.8"/>
    <property name="file.encoding" value="UTF-8"/>
    <property name="idea.version2019.2.4" value="true"/>
    <property name="user.name" value="Kirill"/>
    <property name="java.class.path" value="C:\Program Files\JetBrains\IntelliJ IDEA 2019.2.4\plugins\maven\lib\maven3\boot\plexus-classworlds-2.6.0.jar;C:\Program Files\JetBrains\IntelliJ IDEA 2019.2.4\lib\idea_rt.jar"/>
    <property name="java.vm.specification.version" value="1.8"/>
    <property name="sun.arch.data.model" value="64"/>
    <property name="java.home" value="C:\Program Files\Java\jdk1.8.0_231\jre"/>
    <property name="sun.java.command" value="org.codehaus.classworlds.Launcher -Didea.version2019.2.4 test"/>
    <property name="java.specification.vendor" value="Oracle Corporation"/>
    <property name="user.language" value="en"/>
    <property name="user.language.format" value="ru"/>
    <property name="awt.toolkit" value="sun.awt.windows.WToolkit"/>
    <property name="java.vm.info" value="mixed mode"/>
    <property name="java.version" value="1.8.0_231"/>
    <property name="java.ext.dirs" value="C:\Program Files\Java\jdk1.8.0_231\jre\lib\ext;C:\Windows\Sun\Java\lib\ext"/>
    <property name="sun.boot.class.path" value="C:\Program Files\Java\jdk1.8.0_231\jre\lib\resources.jar;C:\Program Files\Java\jdk1.8.0_231\jre\lib\rt.jar;C:\Program Files\Java\jdk1.8.0_231\jre\lib\sunrsasign.jar;C:\Program Files\Java\jdk1.8.0_231\jre\lib\jsse.jar;C:\Program Files\Java\jdk1.8.0_231\jre\lib\jce.jar;C:\Program Files\Java\jdk1.8.0_231\jre\lib\charsets.jar;C:\Program Files\Java\jdk1.8.0_231\jre\lib\jfr.jar;C:\Program Files\Java\jdk1.8.0_231\jre\classes"/>
    <property name="java.vendor" value="Oracle Corporation"/>
    <property name="maven.home" value="C:\Program Files\JetBrains\IntelliJ IDEA 2019.2.4\plugins\maven\lib\maven3"/>
    <property name="file.separator" value="\"/>
    <property name="java.vendor.url.bug" value="http://bugreport.sun.com/bugreport/"/>
    <property name="sun.cpu.endian" value="little"/>
    <property name="sun.io.unicode.encoding" value="UnicodeLittle"/>
    <property name="sun.desktop" value="windows"/>
    <property name="sun.cpu.isalist" value="amd64"/>
  </properties>
  <testcase name="start" classname="ru.Beru.Tests.AuthorizationTest" time="1.986">
    <failure message="The driver executable does not exist: C:\Users\Kirill\Documents\AutoTests\.\main\resources\drivers\chromedriver78.exe" type="java.lang.IllegalStateException">java.lang.IllegalStateException: The driver executable does not exist: C:\Users\Kirill\Documents\AutoTests\.\main\resources\drivers\chromedriver78.exe
</failure>
    <system-err><![CDATA[SLF4J: Failed to load class "org.slf4j.impl.StaticLoggerBinder".
SLF4J: Defaulting to no-operation (NOP) logger implementation
SLF4J: See http://www.slf4j.org/codes.html#StaticLoggerBinder for further details.
]]></system-err>
  </testcase>
  <testcase name="authorization" classname="ru.Beru.Tests.AuthorizationTest" time="0">
    <skipped message="The driver executable does not exist: C:\Users\Kirill\Documents\AutoTests\.\main\resources\drivers\chromedriver78.exe"/>
  </testcase>
  <testcase name="catchFailure" classname="ru.Beru.Tests.AuthorizationTest" time="0">
    <skipped/>
  </testcase>
  <testcase name="finish" classname="ru.Beru.Tests.AuthorizationTest" time="0">
    <skipped/>
  </testcase>
  <testcase name="start" classname="ru.Beru.Tests.BuyToothbrushesTest" time="2.008">
    <failure message="The driver executable does not exist: C:\Users\Kirill\Documents\AutoTests\.\main\resources\drivers\chromedriver78.exe" type="java.lang.IllegalStateException">java.lang.IllegalStateException: The driver executable does not exist: C:\Users\Kirill\Documents\AutoTests\.\main\resources\drivers\chromedriver78.exe
</failure>
  </testcase>
  <testcase name="buyToothBrushes" classname="ru.Beru.Tests.BuyToothbrushesTest" time="0">
    <skipped message="The driver executable does not exist: C:\Users\Kirill\Documents\AutoTests\.\main\resources\drivers\chromedriver78.exe"/>
  </testcase>
  <testcase name="catchFailure" classname="ru.Beru.Tests.BuyToothbrushesTest" time="0">
    <skipped/>
  </testcase>
  <testcase name="finish" classname="ru.Beru.Tests.BuyToothbrushesTest" time="0">
    <skipped/>
  </testcase>
  <testcase name="start" classname="ru.Beru.Tests.ChangeCityTest" time="2.03">
    <failure message="The driver executable does not exist: C:\Users\Kirill\Documents\AutoTests\.\main\resources\drivers\chromedriver78.exe" type="java.lang.IllegalStateException">java.lang.IllegalStateException: The driver executable does not exist: C:\Users\Kirill\Documents\AutoTests\.\main\resources\drivers\chromedriver78.exe
</failure>
  </testcase>
  <testcase name="start" classname="ru.Beru.Tests.ChangeCityTest" time="0">
    <skipped/>
  </testcase>
  <testcase name="changeCity" classname="ru.Beru.Tests.ChangeCityTest" time="0">
    <skipped message="The driver executable does not exist: C:\Users\Kirill\Documents\AutoTests\.\main\resources\drivers\chromedriver78.exe"/>
  </testcase>
  <testcase name="changeCity" classname="ru.Beru.Tests.ChangeCityTest" time="0">
    <skipped message="The driver executable does not exist: C:\Users\Kirill\Documents\AutoTests\.\main\resources\drivers\chromedriver78.exe"/>
  </testcase>
  <testcase name="catchFailure" classname="ru.Beru.Tests.ChangeCityTest" time="0">
    <skipped/>
  </testcase>
  <testcase name="catchFailure" classname="ru.Beru.Tests.ChangeCityTest" time="0">
    <skipped/>
  </testcase>
  <testcase name="finish" classname="ru.Beru.Tests.ChangeCityTest" time="0">
    <skipped/>
  </testcase>
  <testcase name="finish" classname="ru.Beru.Tests.ChangeCityTest" time="0">
    <skipped/>
  </testcase>
</testsuite>