<?xml version="1.0" encoding="UTF-8"?>
<testsuite xmlns:xsi="http://www.w3.org/2001/XMLSchema-instance" xsi:schemaLocation="https://maven.apache.org/surefire/maven-surefire-plugin/xsd/surefire-test-report.xsd" name="TestSuite" time="2.268" tests="16" errors="0" skipped="13" failures="3">
  <properties>
[...]
</properties>
  <testcase name="start" classname="ru.Beru.Tests.AuthorizationTest" time="1.986">
    <failure message="The driver executable does not exist: C:\Users\Kirill\Documents\AutoTests\.\main\resources\drivers\chromedriver78.exe" type="java.lang.IllegalStateException">java.lang.IllegalStateException: The driver executable does not exist: C:\Users\Kirill\Documents\AutoTests\.\main\resources\drivers\chromedriver78.exe
</failure>
    <system-err><![CDATA[SLF4J: Failed to load class "org.slf4j.impl.StaticLoggerBinder".
SLF4J: Defaulting to no-operation (NOP) logger implementation
SLF4J: See http://www.slf4j.org/codes.html#StaticLoggerBinder for further details.
]]></system-err>
  </testcase>
  <testcase name="authorization" classname="ru.Beru.Tests.AuthorizationTest" time="0">
    <skipped message="The driver executable does not exist: C:\Users\Kirill\Documents\AutoTests\.\main\resources\drivers\chromedriver78.exe"/>
  </testcase>
  <testcase name="catchFailure" classname="ru.Beru.Tests.AuthorizationTest" time="0">
    <skipped/>
  </testcase>
  <testcase name="finish" classname="ru.Beru.Tests.AuthorizationTest" time="0">
    <skipped/>
  </testcase>
  <testcase name="start" classname="ru.Beru.Tests.BuyToothbrushesTest" time="2.008">
    <failure message="The driver executable does not exist: C:\Users\Kirill\Documents\AutoTests\.\main\resources\drivers\chromedriver78.exe" type="java.lang.IllegalStateException">java.lang.IllegalStateException: The driver executable does not exist: C:\Users\Kirill\Documents\AutoTests\.\main\resources\drivers\chromedriver78.exe
</failure>
  </testcase>
  <testcase name="buyToothBrushes" classname="ru.Beru.Tests.BuyToothbrushesTest" time="0">
    <skipped message="The driver executable does not exist: C:\Users\Kirill\Documents\AutoTests\.\main\resources\drivers\chromedriver78.exe"/>
  </testcase>
  <testcase name="catchFailure" classname="ru.Beru.Tests.BuyToothbrushesTest" time="0">
    <skipped/>
  </testcase>
  <testcase name="finish" classname="ru.Beru.Tests.BuyToothbrushesTest" time="0">
    <skipped/>
  </testcase>
  <testcase name="start" classname="ru.Beru.Tests.ChangeCityTest" time="2.03">
    <failure message="The driver executable does not exist: C:\Users\Kirill\Documents\AutoTests\.\main\resources\drivers\chromedriver78.exe" type="java.lang.IllegalStateException">java.lang.IllegalStateException: The driver executable does not exist: C:\Users\Kirill\Documents\AutoTests\.\main\resources\drivers\chromedriver78.exe
</failure>
  </testcase>
  <testcase name="start" classname="ru.Beru.Tests.ChangeCityTest" time="0">
    <skipped/>
  </testcase>
  <testcase name="changeCity" classname="ru.Beru.Tests.ChangeCityTest" time="0">
    <skipped message="The driver executable does not exist: C:\Users\Kirill\Documents\AutoTests\.\main\resources\drivers\chromedriver78.exe"/>
  </testcase>
  <testcase name="changeCity" classname="ru.Beru.Tests.ChangeCityTest" time="0">
    <skipped message="The driver executable does not exist: C:\Users\Kirill\Documents\AutoTests\.\main\resources\drivers\chromedriver78.exe"/>
  </testcase>
  <testcase name="catchFailure" classname="ru.Beru.Tests.ChangeCityTest" time="0">
    <skipped/>
  </testcase>
  <testcase name="catchFailure" classname="ru.Beru.Tests.ChangeCityTest" time="0">
    <skipped/>
  </testcase>
  <testcase name="finish" classname="ru.Beru.Tests.ChangeCityTest" time="0">
    <skipped/>
  </testcase>
  <testcase name="finish" classname="ru.Beru.Tests.ChangeCityTest" time="0">
    <skipped/>
  </testcase>
</testsuite>